2023-01-02T09:02:34+00:00 CRITICAL Uncaught Error: Call to undefined function each() in D:\Backup\Nithya-Amirtham\nithiyaamitham\wp-content\plugins\ez-form-calculator\class.ezfc_functions.php:75
Stack trace:
#0 D:\Backup\Nithya-Amirtham\nithiyaamitham\wp-content\plugins\ez-form-calculator\class.ezfc_backend.php(1135): Ezfc_Functions::array_merge_recursive_distinct(Array, Array)
#1 D:\Backup\Nithya-Amirtham\nithiyaamitham\wp-content\plugins\ez-form-calculator\class.ezfc_backend.php(1159): Ezfc_backend->form_elements_get('3')
#2 D:\Backup\Nithya-Amirtham\nithiyaamitham\wp-content\plugins\ez-form-calculator\ajax-admin.php(121): Ezfc_backend->form_element_add('3', '1', NULL, Array)
#3 D:\Backup\Nithya-Amirtham\nithiyaamitham\wp-content\plugins\ez-form-calculator\ezfc.php(208): require_once('D:\\Backup\\Nithy...')
#4 D:\Backup\Nithya-Amirtham\nithiyaamitham\wp-includes\class-wp-hook.php(308): EZFC_Premium::ajax('')
#5 D:\Backup\Nithya-Amirtham\nithiyaamitham\wp-includes\class-wp-hook.php(332): WP_Hook->apply_filters('', Array)
#6 D:\Backup\Nithya-Amirtham\nithiyaamitham\wp-includes\plugin.php(517): WP_Hook->do_action(Array)
#7 D:\Backup\Nithya-Amirtham\nithiyaamitham\wp-admin\admin-ajax.php(188): do_action('wp_ajax_ezfc_ba...')
#8 {main}
  thrown in D:\Backup\Nithya-Amirtham\nithiyaamitham\wp-content\plugins\ez-form-calculator\class.ezfc_functions.php on line 75

2023-01-02T09:02:38+00:00 CRITICAL Uncaught Error: Call to undefined function each() in D:\Backup\Nithya-Amirtham\nithiyaamitham\wp-content\plugins\ez-form-calculator\class.ezfc_functions.php:75
Stack trace:
#0 D:\Backup\Nithya-Amirtham\nithiyaamitham\wp-content\plugins\ez-form-calculator\class.ezfc_backend.php(1135): Ezfc_Functions::array_merge_recursive_distinct(Array, Array)
#1 D:\Backup\Nithya-Amirtham\nithiyaamitham\wp-content\plugins\ez-form-calculator\class.ezfc_backend.php(1159): Ezfc_backend->form_elements_get('3')
#2 D:\Backup\Nithya-Amirtham\nithiyaamitham\wp-content\plugins\ez-form-calculator\ajax-admin.php(121): Ezfc_backend->form_element_add('3', '1', NULL, Array)
#3 D:\Backup\Nithya-Amirtham\nithiyaamitham\wp-content\plugins\ez-form-calculator\ezfc.php(208): require_once('D:\\Backup\\Nithy...')
#4 D:\Backup\Nithya-Amirtham\nithiyaamitham\wp-includes\class-wp-hook.php(308): EZFC_Premium::ajax('')
#5 D:\Backup\Nithya-Amirtham\nithiyaamitham\wp-includes\class-wp-hook.php(332): WP_Hook->apply_filters('', Array)
#6 D:\Backup\Nithya-Amirtham\nithiyaamitham\wp-includes\plugin.php(517): WP_Hook->do_action(Array)
#7 D:\Backup\Nithya-Amirtham\nithiyaamitham\wp-admin\admin-ajax.php(188): do_action('wp_ajax_ezfc_ba...')
#8 {main}
  thrown in D:\Backup\Nithya-Amirtham\nithiyaamitham\wp-content\plugins\ez-form-calculator\class.ezfc_functions.php on line 75

2023-01-02T09:02:41+00:00 CRITICAL Uncaught Error: Call to undefined function each() in D:\Backup\Nithya-Amirtham\nithiyaamitham\wp-content\plugins\ez-form-calculator\class.ezfc_functions.php:75
Stack trace:
#0 D:\Backup\Nithya-Amirtham\nithiyaamitham\wp-content\plugins\ez-form-calculator\class.ezfc_backend.php(1135): Ezfc_Functions::array_merge_recursive_distinct(Array, Array)
#1 D:\Backup\Nithya-Amirtham\nithiyaamitham\wp-content\plugins\ez-form-calculator\class.ezfc_backend.php(1159): Ezfc_backend->form_elements_get('3')
#2 D:\Backup\Nithya-Amirtham\nithiyaamitham\wp-content\plugins\ez-form-calculator\ajax-admin.php(121): Ezfc_backend->form_element_add('3', '1', NULL, Array)
#3 D:\Backup\Nithya-Amirtham\nithiyaamitham\wp-content\plugins\ez-form-calculator\ezfc.php(208): require_once('D:\\Backup\\Nithy...')
#4 D:\Backup\Nithya-Amirtham\nithiyaamitham\wp-includes\class-wp-hook.php(308): EZFC_Premium::ajax('')
#5 D:\Backup\Nithya-Amirtham\nithiyaamitham\wp-includes\class-wp-hook.php(332): WP_Hook->apply_filters('', Array)
#6 D:\Backup\Nithya-Amirtham\nithiyaamitham\wp-includes\plugin.php(517): WP_Hook->do_action(Array)
#7 D:\Backup\Nithya-Amirtham\nithiyaamitham\wp-admin\admin-ajax.php(188): do_action('wp_ajax_ezfc_ba...')
#8 {main}
  thrown in D:\Backup\Nithya-Amirtham\nithiyaamitham\wp-content\plugins\ez-form-calculator\class.ezfc_functions.php on line 75

2023-01-02T09:02:46+00:00 CRITICAL Uncaught Error: Call to undefined function each() in D:\Backup\Nithya-Amirtham\nithiyaamitham\wp-content\plugins\ez-form-calculator\class.ezfc_functions.php:75
Stack trace:
#0 D:\Backup\Nithya-Amirtham\nithiyaamitham\wp-content\plugins\ez-form-calculator\class.ezfc_backend.php(1135): Ezfc_Functions::array_merge_recursive_distinct(Array, Array)
#1 D:\Backup\Nithya-Amirtham\nithiyaamitham\wp-content\plugins\ez-form-calculator\class.ezfc_backend.php(1159): Ezfc_backend->form_elements_get('3')
#2 D:\Backup\Nithya-Amirtham\nithiyaamitham\wp-content\plugins\ez-form-calculator\ajax-admin.php(121): Ezfc_backend->form_element_add('3', '1', NULL, Array)
#3 D:\Backup\Nithya-Amirtham\nithiyaamitham\wp-content\plugins\ez-form-calculator\ezfc.php(208): require_once('D:\\Backup\\Nithy...')
#4 D:\Backup\Nithya-Amirtham\nithiyaamitham\wp-includes\class-wp-hook.php(308): EZFC_Premium::ajax('')
#5 D:\Backup\Nithya-Amirtham\nithiyaamitham\wp-includes\class-wp-hook.php(332): WP_Hook->apply_filters('', Array)
#6 D:\Backup\Nithya-Amirtham\nithiyaamitham\wp-includes\plugin.php(517): WP_Hook->do_action(Array)
#7 D:\Backup\Nithya-Amirtham\nithiyaamitham\wp-admin\admin-ajax.php(188): do_action('wp_ajax_ezfc_ba...')
#8 {main}
  thrown in D:\Backup\Nithya-Amirtham\nithiyaamitham\wp-content\plugins\ez-form-calculator\class.ezfc_functions.php on line 75

2023-01-02T09:03:56+00:00 CRITICAL Uncaught Error: Call to undefined function each() in D:\Backup\Nithya-Amirtham\nithiyaamitham\wp-content\plugins\ez-form-calculator\class.ezfc_functions.php:75
Stack trace:
#0 D:\Backup\Nithya-Amirtham\nithiyaamitham\wp-content\plugins\ez-form-calculator\class.ezfc_backend.php(1135): Ezfc_Functions::array_merge_recursive_distinct(Array, Array)
#1 D:\Backup\Nithya-Amirtham\nithiyaamitham\wp-content\plugins\ez-form-calculator\class.ezfc_backend.php(1159): Ezfc_backend->form_elements_get('3')
#2 D:\Backup\Nithya-Amirtham\nithiyaamitham\wp-content\plugins\ez-form-calculator\ajax-admin.php(121): Ezfc_backend->form_element_add('3', '4', NULL, Array)
#3 D:\Backup\Nithya-Amirtham\nithiyaamitham\wp-content\plugins\ez-form-calculator\ezfc.php(208): require_once('D:\\Backup\\Nithy...')
#4 D:\Backup\Nithya-Amirtham\nithiyaamitham\wp-includes\class-wp-hook.php(308): EZFC_Premium::ajax('')
#5 D:\Backup\Nithya-Amirtham\nithiyaamitham\wp-includes\class-wp-hook.php(332): WP_Hook->apply_filters('', Array)
#6 D:\Backup\Nithya-Amirtham\nithiyaamitham\wp-includes\plugin.php(517): WP_Hook->do_action(Array)
#7 D:\Backup\Nithya-Amirtham\nithiyaamitham\wp-admin\admin-ajax.php(188): do_action('wp_ajax_ezfc_ba...')
#8 {main}
  thrown in D:\Backup\Nithya-Amirtham\nithiyaamitham\wp-content\plugins\ez-form-calculator\class.ezfc_functions.php on line 75

2023-01-02T09:03:59+00:00 CRITICAL Uncaught Error: Call to undefined function each() in D:\Backup\Nithya-Amirtham\nithiyaamitham\wp-content\plugins\ez-form-calculator\class.ezfc_functions.php:75
Stack trace:
#0 D:\Backup\Nithya-Amirtham\nithiyaamitham\wp-content\plugins\ez-form-calculator\class.ezfc_backend.php(1135): Ezfc_Functions::array_merge_recursive_distinct(Array, Array)
#1 D:\Backup\Nithya-Amirtham\nithiyaamitham\wp-content\plugins\ez-form-calculator\class.ezfc_backend.php(1159): Ezfc_backend->form_elements_get('3')
#2 D:\Backup\Nithya-Amirtham\nithiyaamitham\wp-content\plugins\ez-form-calculator\ajax-admin.php(121): Ezfc_backend->form_element_add('3', '1', NULL, Array)
#3 D:\Backup\Nithya-Amirtham\nithiyaamitham\wp-content\plugins\ez-form-calculator\ezfc.php(208): require_once('D:\\Backup\\Nithy...')
#4 D:\Backup\Nithya-Amirtham\nithiyaamitham\wp-includes\class-wp-hook.php(308): EZFC_Premium::ajax('')
#5 D:\Backup\Nithya-Amirtham\nithiyaamitham\wp-includes\class-wp-hook.php(332): WP_Hook->apply_filters('', Array)
#6 D:\Backup\Nithya-Amirtham\nithiyaamitham\wp-includes\plugin.php(517): WP_Hook->do_action(Array)
#7 D:\Backup\Nithya-Amirtham\nithiyaamitham\wp-admin\admin-ajax.php(188): do_action('wp_ajax_ezfc_ba...')
#8 {main}
  thrown in D:\Backup\Nithya-Amirtham\nithiyaamitham\wp-content\plugins\ez-form-calculator\class.ezfc_functions.php on line 75

2023-01-02T09:04:10+00:00 CRITICAL Uncaught Error: Call to undefined function each() in D:\Backup\Nithya-Amirtham\nithiyaamitham\wp-content\plugins\ez-form-calculator\class.ezfc_functions.php:75
Stack trace:
#0 D:\Backup\Nithya-Amirtham\nithiyaamitham\wp-content\plugins\ez-form-calculator\class.ezfc_backend.php(1135): Ezfc_Functions::array_merge_recursive_distinct(Array, Array)
#1 D:\Backup\Nithya-Amirtham\nithiyaamitham\wp-content\plugins\ez-form-calculator\class.ezfc_backend.php(1159): Ezfc_backend->form_elements_get('3')
#2 D:\Backup\Nithya-Amirtham\nithiyaamitham\wp-content\plugins\ez-form-calculator\ajax-admin.php(121): Ezfc_backend->form_element_add('3', '1', NULL, Array)
#3 D:\Backup\Nithya-Amirtham\nithiyaamitham\wp-content\plugins\ez-form-calculator\ezfc.php(208): require_once('D:\\Backup\\Nithy...')
#4 D:\Backup\Nithya-Amirtham\nithiyaamitham\wp-includes\class-wp-hook.php(308): EZFC_Premium::ajax('')
#5 D:\Backup\Nithya-Amirtham\nithiyaamitham\wp-includes\class-wp-hook.php(332): WP_Hook->apply_filters('', Array)
#6 D:\Backup\Nithya-Amirtham\nithiyaamitham\wp-includes\plugin.php(517): WP_Hook->do_action(Array)
#7 D:\Backup\Nithya-Amirtham\nithiyaamitham\wp-admin\admin-ajax.php(188): do_action('wp_ajax_ezfc_ba...')
#8 {main}
  thrown in D:\Backup\Nithya-Amirtham\nithiyaamitham\wp-content\plugins\ez-form-calculator\class.ezfc_functions.php on line 75

2023-01-02T09:04:32+00:00 CRITICAL Uncaught Error: Call to undefined function each() in D:\Backup\Nithya-Amirtham\nithiyaamitham\wp-content\plugins\ez-form-calculator\class.ezfc_functions.php:75
Stack trace:
#0 D:\Backup\Nithya-Amirtham\nithiyaamitham\wp-content\plugins\ez-form-calculator\class.ezfc_backend.php(1135): Ezfc_Functions::array_merge_recursive_distinct(Array, Array)
#1 D:\Backup\Nithya-Amirtham\nithiyaamitham\wp-content\plugins\ez-form-calculator\ajax-admin.php(496): Ezfc_backend->form_elements_get('3')
#2 D:\Backup\Nithya-Amirtham\nithiyaamitham\wp-content\plugins\ez-form-calculator\ajax-admin.php(161): ezfc_ajax_return_form('3')
#3 D:\Backup\Nithya-Amirtham\nithiyaamitham\wp-content\plugins\ez-form-calculator\ezfc.php(208): require_once('D:\\Backup\\Nithy...')
#4 D:\Backup\Nithya-Amirtham\nithiyaamitham\wp-includes\class-wp-hook.php(308): EZFC_Premium::ajax('')
#5 D:\Backup\Nithya-Amirtham\nithiyaamitham\wp-includes\class-wp-hook.php(332): WP_Hook->apply_filters('', Array)
#6 D:\Backup\Nithya-Amirtham\nithiyaamitham\wp-includes\plugin.php(517): WP_Hook->do_action(Array)
#7 D:\Backup\Nithya-Amirtham\nithiyaamitham\wp-admin\admin-ajax.php(188): do_action('wp_ajax_ezfc_ba...')
#8 {main}
  thrown in D:\Backup\Nithya-Amirtham\nithiyaamitham\wp-content\plugins\ez-form-calculator\class.ezfc_functions.php on line 75

2023-01-02T09:08:22+00:00 CRITICAL Uncaught Error: Call to undefined function each() in D:\Backup\Nithya-Amirtham\nithiyaamitham\wp-content\plugins\ez-form-calculator\class.ezfc_functions.php:75
Stack trace:
#0 D:\Backup\Nithya-Amirtham\nithiyaamitham\wp-content\plugins\ez-form-calculator\class.ezfc_backend.php(1135): Ezfc_Functions::array_merge_recursive_distinct(Array, Array)
#1 D:\Backup\Nithya-Amirtham\nithiyaamitham\wp-content\plugins\ez-form-calculator\class.ezfc_backend.php(1159): Ezfc_backend->form_elements_get('1')
#2 D:\Backup\Nithya-Amirtham\nithiyaamitham\wp-content\plugins\ez-form-calculator\ajax-admin.php(121): Ezfc_backend->form_element_add('1', '4', NULL, Array)
#3 D:\Backup\Nithya-Amirtham\nithiyaamitham\wp-content\plugins\ez-form-calculator\ezfc.php(208): require_once('D:\\Backup\\Nithy...')
#4 D:\Backup\Nithya-Amirtham\nithiyaamitham\wp-includes\class-wp-hook.php(308): EZFC_Premium::ajax('')
#5 D:\Backup\Nithya-Amirtham\nithiyaamitham\wp-includes\class-wp-hook.php(332): WP_Hook->apply_filters('', Array)
#6 D:\Backup\Nithya-Amirtham\nithiyaamitham\wp-includes\plugin.php(517): WP_Hook->do_action(Array)
#7 D:\Backup\Nithya-Amirtham\nithiyaamitham\wp-admin\admin-ajax.php(188): do_action('wp_ajax_ezfc_ba...')
#8 {main}
  thrown in D:\Backup\Nithya-Amirtham\nithiyaamitham\wp-content\plugins\ez-form-calculator\class.ezfc_functions.php on line 75

2023-01-02T09:09:09+00:00 CRITICAL Uncaught Error: Call to undefined function each() in D:\Backup\Nithya-Amirtham\nithiyaamitham\wp-content\plugins\ez-form-calculator\class.ezfc_functions.php:75
Stack trace:
#0 D:\Backup\Nithya-Amirtham\nithiyaamitham\wp-content\plugins\ez-form-calculator\class.ezfc_backend.php(1135): Ezfc_Functions::array_merge_recursive_distinct(Array, Array)
#1 D:\Backup\Nithya-Amirtham\nithiyaamitham\wp-content\plugins\ez-form-calculator\ajax-admin.php(496): Ezfc_backend->form_elements_get('3')
#2 D:\Backup\Nithya-Amirtham\nithiyaamitham\wp-content\plugins\ez-form-calculator\ajax-admin.php(161): ezfc_ajax_return_form('3')
#3 D:\Backup\Nithya-Amirtham\nithiyaamitham\wp-content\plugins\ez-form-calculator\ezfc.php(208): require_once('D:\\Backup\\Nithy...')
#4 D:\Backup\Nithya-Amirtham\nithiyaamitham\wp-includes\class-wp-hook.php(308): EZFC_Premium::ajax('')
#5 D:\Backup\Nithya-Amirtham\nithiyaamitham\wp-includes\class-wp-hook.php(332): WP_Hook->apply_filters('', Array)
#6 D:\Backup\Nithya-Amirtham\nithiyaamitham\wp-includes\plugin.php(517): WP_Hook->do_action(Array)
#7 D:\Backup\Nithya-Amirtham\nithiyaamitham\wp-admin\admin-ajax.php(188): do_action('wp_ajax_ezfc_ba...')
#8 {main}
  thrown in D:\Backup\Nithya-Amirtham\nithiyaamitham\wp-content\plugins\ez-form-calculator\class.ezfc_functions.php on line 75

2023-01-02T09:09:18+00:00 CRITICAL Uncaught Error: Call to undefined function each() in D:\Backup\Nithya-Amirtham\nithiyaamitham\wp-content\plugins\ez-form-calculator\class.ezfc_functions.php:75
Stack trace:
#0 D:\Backup\Nithya-Amirtham\nithiyaamitham\wp-content\plugins\ez-form-calculator\class.ezfc_backend.php(1135): Ezfc_Functions::array_merge_recursive_distinct(Array, Array)
#1 D:\Backup\Nithya-Amirtham\nithiyaamitham\wp-content\plugins\ez-form-calculator\ajax-admin.php(496): Ezfc_backend->form_elements_get('1')
#2 D:\Backup\Nithya-Amirtham\nithiyaamitham\wp-content\plugins\ez-form-calculator\ajax-admin.php(161): ezfc_ajax_return_form('1')
#3 D:\Backup\Nithya-Amirtham\nithiyaamitham\wp-content\plugins\ez-form-calculator\ezfc.php(208): require_once('D:\\Backup\\Nithy...')
#4 D:\Backup\Nithya-Amirtham\nithiyaamitham\wp-includes\class-wp-hook.php(308): EZFC_Premium::ajax('')
#5 D:\Backup\Nithya-Amirtham\nithiyaamitham\wp-includes\class-wp-hook.php(332): WP_Hook->apply_filters('', Array)
#6 D:\Backup\Nithya-Amirtham\nithiyaamitham\wp-includes\plugin.php(517): WP_Hook->do_action(Array)
#7 D:\Backup\Nithya-Amirtham\nithiyaamitham\wp-admin\admin-ajax.php(188): do_action('wp_ajax_ezfc_ba...')
#8 {main}
  thrown in D:\Backup\Nithya-Amirtham\nithiyaamitham\wp-content\plugins\ez-form-calculator\class.ezfc_functions.php on line 75

2023-01-02T09:09:33+00:00 CRITICAL Uncaught Error: Call to undefined function each() in D:\Backup\Nithya-Amirtham\nithiyaamitham\wp-content\plugins\ez-form-calculator\class.ezfc_functions.php:75
Stack trace:
#0 D:\Backup\Nithya-Amirtham\nithiyaamitham\wp-content\plugins\ez-form-calculator\class.ezfc_backend.php(1135): Ezfc_Functions::array_merge_recursive_distinct(Array, Array)
#1 D:\Backup\Nithya-Amirtham\nithiyaamitham\wp-content\plugins\ez-form-calculator\ajax-admin.php(496): Ezfc_backend->form_elements_get('3')
#2 D:\Backup\Nithya-Amirtham\nithiyaamitham\wp-content\plugins\ez-form-calculator\ajax-admin.php(161): ezfc_ajax_return_form('3')
#3 D:\Backup\Nithya-Amirtham\nithiyaamitham\wp-content\plugins\ez-form-calculator\ezfc.php(208): require_once('D:\\Backup\\Nithy...')
#4 D:\Backup\Nithya-Amirtham\nithiyaamitham\wp-includes\class-wp-hook.php(308): EZFC_Premium::ajax('')
#5 D:\Backup\Nithya-Amirtham\nithiyaamitham\wp-includes\class-wp-hook.php(332): WP_Hook->apply_filters('', Array)
#6 D:\Backup\Nithya-Amirtham\nithiyaamitham\wp-includes\plugin.php(517): WP_Hook->do_action(Array)
#7 D:\Backup\Nithya-Amirtham\nithiyaamitham\wp-admin\admin-ajax.php(188): do_action('wp_ajax_ezfc_ba...')
#8 {main}
  thrown in D:\Backup\Nithya-Amirtham\nithiyaamitham\wp-content\plugins\ez-form-calculator\class.ezfc_functions.php on line 75

2023-01-02T09:09:41+00:00 CRITICAL Uncaught Error: Call to undefined function each() in D:\Backup\Nithya-Amirtham\nithiyaamitham\wp-content\plugins\ez-form-calculator\class.ezfc_functions.php:75
Stack trace:
#0 D:\Backup\Nithya-Amirtham\nithiyaamitham\wp-content\plugins\ez-form-calculator\class.ezfc_backend.php(1135): Ezfc_Functions::array_merge_recursive_distinct(Array, Array)
#1 D:\Backup\Nithya-Amirtham\nithiyaamitham\wp-content\plugins\ez-form-calculator\ajax-admin.php(496): Ezfc_backend->form_elements_get('1')
#2 D:\Backup\Nithya-Amirtham\nithiyaamitham\wp-content\plugins\ez-form-calculator\ajax-admin.php(161): ezfc_ajax_return_form('1')
#3 D:\Backup\Nithya-Amirtham\nithiyaamitham\wp-content\plugins\ez-form-calculator\ezfc.php(208): require_once('D:\\Backup\\Nithy...')
#4 D:\Backup\Nithya-Amirtham\nithiyaamitham\wp-includes\class-wp-hook.php(308): EZFC_Premium::ajax('')
#5 D:\Backup\Nithya-Amirtham\nithiyaamitham\wp-includes\class-wp-hook.php(332): WP_Hook->apply_filters('', Array)
#6 D:\Backup\Nithya-Amirtham\nithiyaamitham\wp-includes\plugin.php(517): WP_Hook->do_action(Array)
#7 D:\Backup\Nithya-Amirtham\nithiyaamitham\wp-admin\admin-ajax.php(188): do_action('wp_ajax_ezfc_ba...')
#8 {main}
  thrown in D:\Backup\Nithya-Amirtham\nithiyaamitham\wp-content\plugins\ez-form-calculator\class.ezfc_functions.php on line 75

2023-01-02T09:09:53+00:00 CRITICAL Uncaught Error: Call to undefined function each() in D:\Backup\Nithya-Amirtham\nithiyaamitham\wp-content\plugins\ez-form-calculator\class.ezfc_functions.php:75
Stack trace:
#0 D:\Backup\Nithya-Amirtham\nithiyaamitham\wp-content\plugins\ez-form-calculator\class.ezfc_backend.php(1135): Ezfc_Functions::array_merge_recursive_distinct(Array, Array)
#1 D:\Backup\Nithya-Amirtham\nithiyaamitham\wp-content\plugins\ez-form-calculator\class.ezfc_backend.php(1159): Ezfc_backend->form_elements_get('1')
#2 D:\Backup\Nithya-Amirtham\nithiyaamitham\wp-content\plugins\ez-form-calculator\ajax-admin.php(121): Ezfc_backend->form_element_add('1', '5', NULL, Array)
#3 D:\Backup\Nithya-Amirtham\nithiyaamitham\wp-content\plugins\ez-form-calculator\ezfc.php(208): require_once('D:\\Backup\\Nithy...')
#4 D:\Backup\Nithya-Amirtham\nithiyaamitham\wp-includes\class-wp-hook.php(308): EZFC_Premium::ajax('')
#5 D:\Backup\Nithya-Amirtham\nithiyaamitham\wp-includes\class-wp-hook.php(332): WP_Hook->apply_filters('', Array)
#6 D:\Backup\Nithya-Amirtham\nithiyaamitham\wp-includes\plugin.php(517): WP_Hook->do_action(Array)
#7 D:\Backup\Nithya-Amirtham\nithiyaamitham\wp-admin\admin-ajax.php(188): do_action('wp_ajax_ezfc_ba...')
#8 {main}
  thrown in D:\Backup\Nithya-Amirtham\nithiyaamitham\wp-content\plugins\ez-form-calculator\class.ezfc_functions.php on line 75

2023-01-02T09:10:12+00:00 CRITICAL Uncaught Error: Call to undefined function each() in D:\Backup\Nithya-Amirtham\nithiyaamitham\wp-content\plugins\ez-form-calculator\class.ezfc_functions.php:75
Stack trace:
#0 D:\Backup\Nithya-Amirtham\nithiyaamitham\wp-content\plugins\ez-form-calculator\class.ezfc_backend.php(1135): Ezfc_Functions::array_merge_recursive_distinct(Array, Array)
#1 D:\Backup\Nithya-Amirtham\nithiyaamitham\wp-content\plugins\ez-form-calculator\class.ezfc_backend.php(1159): Ezfc_backend->form_elements_get('1')
#2 D:\Backup\Nithya-Amirtham\nithiyaamitham\wp-content\plugins\ez-form-calculator\ajax-admin.php(121): Ezfc_backend->form_element_add('1', '7', NULL, Array)
#3 D:\Backup\Nithya-Amirtham\nithiyaamitham\wp-content\plugins\ez-form-calculator\ezfc.php(208): require_once('D:\\Backup\\Nithy...')
#4 D:\Backup\Nithya-Amirtham\nithiyaamitham\wp-includes\class-wp-hook.php(308): EZFC_Premium::ajax('')
#5 D:\Backup\Nithya-Amirtham\nithiyaamitham\wp-includes\class-wp-hook.php(332): WP_Hook->apply_filters('', Array)
#6 D:\Backup\Nithya-Amirtham\nithiyaamitham\wp-includes\plugin.php(517): WP_Hook->do_action(Array)
#7 D:\Backup\Nithya-Amirtham\nithiyaamitham\wp-admin\admin-ajax.php(188): do_action('wp_ajax_ezfc_ba...')
#8 {main}
  thrown in D:\Backup\Nithya-Amirtham\nithiyaamitham\wp-content\plugins\ez-form-calculator\class.ezfc_functions.php on line 75

2023-01-02T09:13:12+00:00 CRITICAL Uncaught Error: Call to undefined function each() in D:\Backup\Nithya-Amirtham\nithiyaamitham\wp-content\plugins\ez-form-calculator\class.ezfc_functions.php:75
Stack trace:
#0 D:\Backup\Nithya-Amirtham\nithiyaamitham\wp-content\plugins\ez-form-calculator\ajax-admin.php(299): Ezfc_Functions::array_merge_recursive_distinct(Array, Array)
#1 D:\Backup\Nithya-Amirtham\nithiyaamitham\wp-content\plugins\ez-form-calculator\ezfc.php(208): require_once('D:\\Backup\\Nithy...')
#2 D:\Backup\Nithya-Amirtham\nithiyaamitham\wp-includes\class-wp-hook.php(308): EZFC_Premium::ajax('')
#3 D:\Backup\Nithya-Amirtham\nithiyaamitham\wp-includes\class-wp-hook.php(332): WP_Hook->apply_filters('', Array)
#4 D:\Backup\Nithya-Amirtham\nithiyaamitham\wp-includes\plugin.php(517): WP_Hook->do_action(Array)
#5 D:\Backup\Nithya-Amirtham\nithiyaamitham\wp-admin\admin-ajax.php(188): do_action('wp_ajax_ezfc_ba...')
#6 {main}
  thrown in D:\Backup\Nithya-Amirtham\nithiyaamitham\wp-content\plugins\ez-form-calculator\class.ezfc_functions.php on line 75

2023-01-02T09:14:16+00:00 CRITICAL Uncaught Error: Call to undefined function each() in D:\Backup\Nithya-Amirtham\nithiyaamitham\wp-content\plugins\ez-form-calculator\class.ezfc_functions.php:75
Stack trace:
#0 D:\Backup\Nithya-Amirtham\nithiyaamitham\wp-content\plugins\ez-form-calculator\inc\php\form\form.php(118): Ezfc_Functions::array_merge_recursive_distinct(Array, Array)
#1 D:\Backup\Nithya-Amirtham\nithiyaamitham\wp-content\plugins\ez-form-calculator\inc\php\form\form.php(29): Ezfc_Form->get_form_elements()
#2 D:\Backup\Nithya-Amirtham\nithiyaamitham\wp-content\plugins\ez-form-calculator\class.ezfc_frontend.php(144): Ezfc_Form->__construct('4')
#3 D:\Backup\Nithya-Amirtham\nithiyaamitham\wp-content\plugins\ez-form-calculator\class.ezfc_frontend.php(163): Ezfc_frontend->add_form('4')
#4 D:\Backup\Nithya-Amirtham\nithiyaamitham\wp-content\plugins\ez-form-calculator\class.ezfc_frontend.php(177): Ezfc_frontend->get_form_object('4')
#5 D:\Backup\Nithya-Amirtham\nithiyaamitham\wp-content\plugins\ez-form-calculator\shortcode.php(99): Ezfc_frontend->set_current_form('4', NULL)
#6 D:\Backup\Nithya-Amirtham\nithiyaamitham\wp-content\plugins\ez-form-calculator\shortcode.php(128): Ezfc_shortcode::get_form_output('4', NULL, NULL, NULL, NULL, 0)
#7 D:\Backup\Nithya-Amirtham\nithiyaamitham\wp-includes\shortcodes.php(355): Ezfc_shortcode::get_output(Array, '', 'ezfc')
#8 [internal function]: do_shortcode_tag(Array)
#9 D:\Backup\Nithya-Amirtham\nithiyaamitham\wp-includes\shortcodes.php(227): preg_replace_callback('/\\[(\\[?)(ezfc)(...', 'do_shortcode_ta...', '[ezfc id='4' /]')
#10 D:\Backup\Nithya-Amirtham\nithiyaamitham\wp-content\plugins\ez-form-calculator\ext\class.vc_widget.php(68): do_shortcode('[ezfc id='4' /]')
#11 D:\Backup\Nithya-Amirtham\nithiyaamitham\wp-includes\shortcodes.php(355): EZFC_VC_Widget->shortcode(Array, '', 'ezfc_vc_form')
#12 [internal function]: do_shortcode_tag(Array)
#13 D:\Backup\Nithya-Amirtham\nithiyaamitham\wp-includes\shortcodes.php(227): preg_replace_callback('/\\[(\\[?)(ezfc_v...', 'do_shortcode_ta...', '[ezfc_vc_form f...')
#14 D:\Backup\Nithya-Amirtham\nithiyaamitham\wp-content\plugins\js_composer\include\classes\editors\class-vc-frontend-editor.php(731): do_shortcode('[ezfc_vc_form f...')
#15 D:\Backup\Nithya-Amirtham\nithiyaamitham\wp-content\plugins\js_composer\include\classes\editors\class-vc-frontend-editor.php(655): Vc_Frontend_Editor->renderShortcodes(Array)
#16 D:\Backup\Nithya-Amirtham\nithiyaamitham\wp-includes\class-wp-hook.php(308): Vc_Frontend_Editor->loadShortcodes('')
#17 D:\Backup\Nithya-Amirtham\nithiyaamitham\wp-includes\class-wp-hook.php(332): WP_Hook->apply_filters(NULL, Array)
#18 D:\Backup\Nithya-Amirtham\nithiyaamitham\wp-includes\plugin.php(517): WP_Hook->do_action(Array)
#19 D:\Backup\Nithya-Amirtham\nithiyaamitham\wp-includes\template-loader.php(13): do_action('template_redire...')
#20 D:\Backup\Nithya-Amirtham\nithiyaamitham\wp-blog-header.php(19): require_once('D:\\Backup\\Nithy...')
#21 D:\Backup\Nithya-Amirtham\nithiyaamitham\index.php(17): require('D:\\Backup\\Nithy...')
#22 {main}
  thrown in D:\Backup\Nithya-Amirtham\nithiyaamitham\wp-content\plugins\ez-form-calculator\class.ezfc_functions.php on line 75

2023-01-02T09:14:25+00:00 CRITICAL Uncaught Error: Call to undefined function each() in D:\Backup\Nithya-Amirtham\nithiyaamitham\wp-content\plugins\ez-form-calculator\class.ezfc_functions.php:75
Stack trace:
#0 D:\Backup\Nithya-Amirtham\nithiyaamitham\wp-content\plugins\ez-form-calculator\inc\php\form\form.php(118): Ezfc_Functions::array_merge_recursive_distinct(Array, Array)
#1 D:\Backup\Nithya-Amirtham\nithiyaamitham\wp-content\plugins\ez-form-calculator\inc\php\form\form.php(29): Ezfc_Form->get_form_elements()
#2 D:\Backup\Nithya-Amirtham\nithiyaamitham\wp-content\plugins\ez-form-calculator\class.ezfc_frontend.php(144): Ezfc_Form->__construct('4')
#3 D:\Backup\Nithya-Amirtham\nithiyaamitham\wp-content\plugins\ez-form-calculator\class.ezfc_frontend.php(163): Ezfc_frontend->add_form('4')
#4 D:\Backup\Nithya-Amirtham\nithiyaamitham\wp-content\plugins\ez-form-calculator\class.ezfc_frontend.php(177): Ezfc_frontend->get_form_object('4')
#5 D:\Backup\Nithya-Amirtham\nithiyaamitham\wp-content\plugins\ez-form-calculator\shortcode.php(99): Ezfc_frontend->set_current_form('4', NULL)
#6 D:\Backup\Nithya-Amirtham\nithiyaamitham\wp-content\plugins\ez-form-calculator\shortcode.php(128): Ezfc_shortcode::get_form_output('4', NULL, NULL, NULL, NULL, 0)
#7 D:\Backup\Nithya-Amirtham\nithiyaamitham\wp-includes\shortcodes.php(355): Ezfc_shortcode::get_output(Array, '', 'ezfc')
#8 [internal function]: do_shortcode_tag(Array)
#9 D:\Backup\Nithya-Amirtham\nithiyaamitham\wp-includes\shortcodes.php(227): preg_replace_callback('/\\[(\\[?)(ezfc)(...', 'do_shortcode_ta...', '[ezfc id='4' /]')
#10 D:\Backup\Nithya-Amirtham\nithiyaamitham\wp-content\plugins\ez-form-calculator\ext\class.vc_widget.php(68): do_shortcode('[ezfc id='4' /]')
#11 D:\Backup\Nithya-Amirtham\nithiyaamitham\wp-includes\shortcodes.php(355): EZFC_VC_Widget->shortcode(Array, '', 'ezfc_vc_form')
#12 [internal function]: do_shortcode_tag(Array)
#13 D:\Backup\Nithya-Amirtham\nithiyaamitham\wp-includes\shortcodes.php(227): preg_replace_callback('/\\[(\\[?)(ezfc_v...', 'do_shortcode_ta...', '[ezfc_vc_form f...')
#14 D:\Backup\Nithya-Amirtham\nithiyaamitham\wp-content\plugins\js_composer\include\helpers\helpers.php(250): do_shortcode('[ezfc_vc_form f...')
#15 D:\Backup\Nithya-Amirtham\nithiyaamitham\wp-content\plugins\js_composer\include\templates\shortcodes\vc_column.php(94): wpb_js_remove_wpautop('[ezfc_vc_form f...')
#16 D:\Backup\Nithya-Amirtham\nithiyaamitham\wp-content\plugins\js_composer\include\classes\shortcodes\core\class-wpbakeryshortcode.php(451): require('D:\\Backup\\Nithy...')
#17 D:\Backup\Nithya-Amirtham\nithiyaamitham\wp-content\plugins\js_composer\include\classes\shortcodes\core\class-wpbakeryshortcode.php(424): WPBakeryShortCode->loadTemplate(Array, '[ezfc_vc_form f...')
#18 D:\Backup\Nithya-Amirtham\nithiyaamitham\wp-content\plugins\js_composer\include\classes\shortcodes\core\class-wpbakeryshortcode.php(546): WPBakeryShortCode->content(Array, '[ezfc_vc_form f...')
#19 D:\Backup\Nithya-Amirtham\nithiyaamitham\wp-content\plugins\js_composer\include\helpers\helpers.php(1327): WPBakeryShortCode->output('', '[ezfc_vc_form f...')
#20 D:\Backup\Nithya-Amirtham\nithiyaamitham\wp-includes\shortcodes.php(355): vc_do_shortcode('', '[ezfc_vc_form f...', 'vc_column')
#21 [internal function]: do_shortcode_tag(Array)
#22 D:\Backup\Nithya-Amirtham\nithiyaamitham\wp-includes\shortcodes.php(227): preg_replace_callback('/\\[(\\[?)(ezfc_v...', 'do_shortcode_ta...', '[vc_column][ezf...')
#23 D:\Backup\Nithya-Amirtham\nithiyaamitham\wp-content\plugins\js_composer\include\helpers\helpers.php(250): do_shortcode('[vc_column][ezf...')
#24 D:\Backup\Nithya-Amirtham\nithiyaamitham\wp-content\plugins\js_composer\include\templates\shortcodes\vc_row.php(156): wpb_js_remove_wpautop('[vc_column][ezf...')
#25 D:\Backup\Nithya-Amirtham\nithiyaamitham\wp-content\plugins\js_composer\include\classes\shortcodes\core\class-wpbakeryshortcode.php(451): require('D:\\Backup\\Nithy...')
#26 D:\Backup\Nithya-Amirtham\nithiyaamitham\wp-content\plugins\js_composer\include\classes\shortcodes\vc-row.php(40): WPBakeryShortCode->loadTemplate(Array, '[vc_column][ezf...')
#27 D:\Backup\Nithya-Amirtham\nithiyaamitham\wp-content\plugins\js_composer\include\classes\shortcodes\core\class-wpbakeryshortcode.php(546): WPBakeryShortCode_Vc_Row->content(Array, '[vc_column][ezf...')
#28 D:\Backup\Nithya-Amirtham\nithiyaamitham\wp-content\plugins\js_composer\include\helpers\helpers.php(1327): WPBakeryShortCode->output('', '[vc_column][ezf...')
#29 D:\Backup\Nithya-Amirtham\nithiyaamitham\wp-includes\shortcodes.php(355): vc_do_shortcode('', '[vc_column][ezf...', 'vc_row')
#30 [internal function]: do_shortcode_tag(Array)
#31 D:\Backup\Nithya-Amirtham\nithiyaamitham\wp-includes\shortcodes.php(227): preg_replace_callback('/\\[(\\[?)(vc_car...', 'do_shortcode_ta...', '<p>[vc_section ...')
#32 D:\Backup\Nithya-Amirtham\nithiyaamitham\wp-includes\class-wp-hook.php(308): do_shortcode('<p>[vc_section ...')
#33 D:\Backup\Nithya-Amirtham\nithiyaamitham\wp-includes\plugin.php(205): WP_Hook->apply_filters('<p>[vc_section ...', Array)
#34 D:\Backup\Nithya-Amirtham\nithiyaamitham\wp-includes\post-template.php(255): apply_filters('the_content', '<p>[vc_section ...')
#35 D:\Backup\Nithya-Amirtham\nithiyaamitham\wp-content\themes\xstore\page.php(48): the_content()
#36 D:\Backup\Nithya-Amirtham\nithiyaamitham\wp-includes\template-loader.php(106): include('D:\\Backup\\Nithy...')
#37 D:\Backup\Nithya-Amirtham\nithiyaamitham\wp-blog-header.php(19): require_once('D:\\Backup\\Nithy...')
#38 D:\Backup\Nithya-Amirtham\nithiyaamitham\index.php(17): require('D:\\Backup\\Nithy...')
#39 {main}
  thrown in D:\Backup\Nithya-Amirtham\nithiyaamitham\wp-content\plugins\ez-form-calculator\class.ezfc_functions.php on line 75

2023-01-02T09:14:47+00:00 CRITICAL Uncaught Error: Call to undefined function each() in D:\Backup\Nithya-Amirtham\nithiyaamitham\wp-content\plugins\ez-form-calculator\class.ezfc_functions.php:75
Stack trace:
#0 D:\Backup\Nithya-Amirtham\nithiyaamitham\wp-content\plugins\ez-form-calculator\inc\php\form\form.php(118): Ezfc_Functions::array_merge_recursive_distinct(Array, Array)
#1 D:\Backup\Nithya-Amirtham\nithiyaamitham\wp-content\plugins\ez-form-calculator\inc\php\form\form.php(29): Ezfc_Form->get_form_elements()
#2 D:\Backup\Nithya-Amirtham\nithiyaamitham\wp-content\plugins\ez-form-calculator\class.ezfc_frontend.php(144): Ezfc_Form->__construct('4')
#3 D:\Backup\Nithya-Amirtham\nithiyaamitham\wp-content\plugins\ez-form-calculator\class.ezfc_frontend.php(163): Ezfc_frontend->add_form('4')
#4 D:\Backup\Nithya-Amirtham\nithiyaamitham\wp-content\plugins\ez-form-calculator\class.ezfc_frontend.php(177): Ezfc_frontend->get_form_object('4')
#5 D:\Backup\Nithya-Amirtham\nithiyaamitham\wp-content\plugins\ez-form-calculator\shortcode.php(99): Ezfc_frontend->set_current_form('4', NULL)
#6 D:\Backup\Nithya-Amirtham\nithiyaamitham\wp-content\plugins\ez-form-calculator\shortcode.php(128): Ezfc_shortcode::get_form_output('4', NULL, NULL, NULL, NULL, 0)
#7 D:\Backup\Nithya-Amirtham\nithiyaamitham\wp-includes\shortcodes.php(355): Ezfc_shortcode::get_output(Array, '', 'ezfc')
#8 [internal function]: do_shortcode_tag(Array)
#9 D:\Backup\Nithya-Amirtham\nithiyaamitham\wp-includes\shortcodes.php(227): preg_replace_callback('/\\[(\\[?)(ezfc)(...', 'do_shortcode_ta...', '[ezfc id='4' /]')
#10 D:\Backup\Nithya-Amirtham\nithiyaamitham\wp-content\plugins\ez-form-calculator\ext\class.vc_widget.php(68): do_shortcode('[ezfc id='4' /]')
#11 D:\Backup\Nithya-Amirtham\nithiyaamitham\wp-includes\shortcodes.php(355): EZFC_VC_Widget->shortcode(Array, '', 'ezfc_vc_form')
#12 [internal function]: do_shortcode_tag(Array)
#13 D:\Backup\Nithya-Amirtham\nithiyaamitham\wp-includes\shortcodes.php(227): preg_replace_callback('/\\[(\\[?)(ezfc_v...', 'do_shortcode_ta...', '[ezfc_vc_form f...')
#14 D:\Backup\Nithya-Amirtham\nithiyaamitham\wp-content\plugins\js_composer\include\helpers\helpers.php(250): do_shortcode('[ezfc_vc_form f...')
#15 D:\Backup\Nithya-Amirtham\nithiyaamitham\wp-content\plugins\js_composer\include\templates\shortcodes\vc_column.php(94): wpb_js_remove_wpautop('[ezfc_vc_form f...')
#16 D:\Backup\Nithya-Amirtham\nithiyaamitham\wp-content\plugins\js_composer\include\classes\shortcodes\core\class-wpbakeryshortcode.php(451): require('D:\\Backup\\Nithy...')
#17 D:\Backup\Nithya-Amirtham\nithiyaamitham\wp-content\plugins\js_composer\include\classes\shortcodes\core\class-wpbakeryshortcode.php(424): WPBakeryShortCode->loadTemplate(Array, '[ezfc_vc_form f...')
#18 D:\Backup\Nithya-Amirtham\nithiyaamitham\wp-content\plugins\js_composer\include\classes\shortcodes\core\class-wpbakeryshortcode.php(546): WPBakeryShortCode->content(Array, '[ezfc_vc_form f...')
#19 D:\Backup\Nithya-Amirtham\nithiyaamitham\wp-content\plugins\js_composer\include\helpers\helpers.php(1327): WPBakeryShortCode->output('', '[ezfc_vc_form f...')
#20 D:\Backup\Nithya-Amirtham\nithiyaamitham\wp-includes\shortcodes.php(355): vc_do_shortcode('', '[ezfc_vc_form f...', 'vc_column')
#21 [internal function]: do_shortcode_tag(Array)
#22 D:\Backup\Nithya-Amirtham\nithiyaamitham\wp-includes\shortcodes.php(227): preg_replace_callback('/\\[(\\[?)(ezfc_v...', 'do_shortcode_ta...', '[vc_column][ezf...')
#23 D:\Backup\Nithya-Amirtham\nithiyaamitham\wp-content\plugins\js_composer\include\helpers\helpers.php(250): do_shortcode('[vc_column][ezf...')
#24 D:\Backup\Nithya-Amirtham\nithiyaamitham\wp-content\plugins\js_composer\include\templates\shortcodes\vc_row.php(156): wpb_js_remove_wpautop('[vc_column][ezf...')
#25 D:\Backup\Nithya-Amirtham\nithiyaamitham\wp-content\plugins\js_composer\include\classes\shortcodes\core\class-wpbakeryshortcode.php(451): require('D:\\Backup\\Nithy...')
#26 D:\Backup\Nithya-Amirtham\nithiyaamitham\wp-content\plugins\js_composer\include\classes\shortcodes\vc-row.php(40): WPBakeryShortCode->loadTemplate(Array, '[vc_column][ezf...')
#27 D:\Backup\Nithya-Amirtham\nithiyaamitham\wp-content\plugins\js_composer\include\classes\shortcodes\core\class-wpbakeryshortcode.php(546): WPBakeryShortCode_Vc_Row->content(Array, '[vc_column][ezf...')
#28 D:\Backup\Nithya-Amirtham\nithiyaamitham\wp-content\plugins\js_composer\include\helpers\helpers.php(1327): WPBakeryShortCode->output('', '[vc_column][ezf...')
#29 D:\Backup\Nithya-Amirtham\nithiyaamitham\wp-includes\shortcodes.php(355): vc_do_shortcode('', '[vc_column][ezf...', 'vc_row')
#30 [internal function]: do_shortcode_tag(Array)
#31 D:\Backup\Nithya-Amirtham\nithiyaamitham\wp-includes\shortcodes.php(227): preg_replace_callback('/\\[(\\[?)(vc_car...', 'do_shortcode_ta...', '<p>[vc_section ...')
#32 D:\Backup\Nithya-Amirtham\nithiyaamitham\wp-includes\class-wp-hook.php(308): do_shortcode('<p>[vc_section ...')
#33 D:\Backup\Nithya-Amirtham\nithiyaamitham\wp-includes\plugin.php(205): WP_Hook->apply_filters('<p>[vc_section ...', Array)
#34 D:\Backup\Nithya-Amirtham\nithiyaamitham\wp-includes\post-template.php(255): apply_filters('the_content', '<p>[vc_section ...')
#35 D:\Backup\Nithya-Amirtham\nithiyaamitham\wp-content\themes\xstore\page.php(48): the_content()
#36 D:\Backup\Nithya-Amirtham\nithiyaamitham\wp-includes\template-loader.php(106): include('D:\\Backup\\Nithy...')
#37 D:\Backup\Nithya-Amirtham\nithiyaamitham\wp-blog-header.php(19): require_once('D:\\Backup\\Nithy...')
#38 D:\Backup\Nithya-Amirtham\nithiyaamitham\index.php(17): require('D:\\Backup\\Nithy...')
#39 {main}
  thrown in D:\Backup\Nithya-Amirtham\nithiyaamitham\wp-content\plugins\ez-form-calculator\class.ezfc_functions.php on line 75

